<?xml version="1.0" encoding="UTF-8"?>
<testsuite xmlns:xsi="http://www.w3.org/2001/XMLSchema-instance" xsi:noNamespaceSchemaLocation="https://maven.apache.org/surefire/maven-surefire-plugin/xsd/surefire-test-report-3.0.xsd" version="3.0" name="com.forestfire.controller.ForestFireControllerTest" time="1.751" tests="2" errors="0" skipped="0" failures="0">
  <properties>
[...]
</properties>
  <testcase name="invalidHistoryLimitReturnsStructuredBadRequestError" classname="com.forestfire.controller.ForestFireControllerTest" time="0.144">
    <system-out><![CDATA[22:00:12.106 [main] INFO org.springframework.test.context.support.AnnotationConfigContextLoaderUtils -- Could not detect default configuration classes for test class [com.forestfire.controller.ForestFireControllerTest]: ForestFireControllerTest does not declare any static, non-private, non-final, nested classes annotated with @Configuration.
22:00:12.219 [main] INFO org.springframework.boot.test.context.SpringBootTestContextBootstrapper -- Found @SpringBootConfiguration com.forestfire.ForestFireApplication for test class com.forestfire.controller.ForestFireControllerTest

  .   ____          _            __ _ _
 /\\ / ___'_ __ _ _(_)_ __  __ _ \ \ \ \
( ( )\___ | '_ | '_| | '_ \/ _` | \ \ \ \
 \\/  ___)| |_)| | | | | || (_| |  ) ) ) )
  '  |____| .__|_| |_|_| |_\__, | / / / /
 =========|_|==============|___/=/_/_/_/
 :: Spring Boot ::                (v3.2.0)

2026-05-11T22:00:12.468+05:30  INFO 28168 --- [           main] c.f.controller.ForestFireControllerTest  : Starting ForestFireControllerTest using Java 25.0.2 with PID 28168 (started by nikk4 in D:\sensors_simulation\forest-fire-backend\forest-fire-backend)
2026-05-11T22:00:12.469+05:30  INFO 28168 --- [           main] c.f.controller.ForestFireControllerTest  : The following 1 profile is active: "local"
2026-05-11T22:00:13.196+05:30  WARN 28168 --- [           main] .s.s.UserDetailsServiceAutoConfiguration : 

Using generated security password: 9466e768-8cfe-42ae-b658-9218572ba36a

This generated password is for development use only. Your security configuration must be updated before running your application in production.

2026-05-11T22:00:13.537+05:30  INFO 28168 --- [           main] o.s.s.web.DefaultSecurityFilterChain     : Will secure any request with [org.springframework.security.web.session.DisableEncodeUrlFilter@a316f6b, org.springframework.security.web.context.request.async.WebAsyncManagerIntegrationFilter@63f9ddf9, org.springframework.security.web.context.SecurityContextHolderFilter@dada335, org.springframework.security.web.header.HeaderWriterFilter@1abcd059, org.springframework.web.filter.CorsFilter@410fc508, org.springframework.security.web.csrf.CsrfFilter@734ce281, org.springframework.security.web.authentication.logout.LogoutFilter@267891bf, org.springframework.security.web.authentication.UsernamePasswordAuthenticationFilter@11826398, org.springframework.security.web.authentication.ui.DefaultLoginPageGeneratingFilter@7c0df4ab, org.springframework.security.web.authentication.ui.DefaultLogoutPageGeneratingFilter@4e17442f, org.springframework.security.web.authentication.www.BasicAuthenticationFilter@70b33256, org.springframework.security.web.savedrequest.RequestCacheAwareFilter@53feeac9, org.springframework.security.web.servletapi.SecurityContextHolderAwareRequestFilter@70091872, org.springframework.security.web.authentication.AnonymousAuthenticationFilter@4f5c30b1, org.springframework.security.web.access.ExceptionTranslationFilter@10e9a5fe, org.springframework.security.web.access.intercept.AuthorizationFilter@49cc9b2a]
2026-05-11T22:00:13.564+05:30  INFO 28168 --- [           main] o.s.b.t.m.w.SpringBootMockServletContext : Initializing Spring TestDispatcherServlet ''
2026-05-11T22:00:13.565+05:30  INFO 28168 --- [           main] o.s.t.web.servlet.TestDispatcherServlet  : Initializing Servlet ''
2026-05-11T22:00:13.565+05:30  INFO 28168 --- [           main] o.s.t.web.servlet.TestDispatcherServlet  : Completed initialization in 0 ms
2026-05-11T22:00:13.584+05:30  INFO 28168 --- [           main] c.f.controller.ForestFireControllerTest  : Started ForestFireControllerTest in 1.327 seconds (process running for 1.956)
]]></system-out>
  </testcase>
  <testcase name="getZoneWhenMissingReturnsStructuredNotFoundError" classname="com.forestfire.controller.ForestFireControllerTest" time="0.023"/>
</testsuite>